Analysis & Elaboration report for VGAControler
Tue Oct 15 18:06:02 2019
Quartus Prime Version 18.1.0 Build 625 09/12/2018 SJ Lite Edition


---------------------
; Table of Contents ;
---------------------
  1. Legal Notice
  2. Analysis & Elaboration Summary
  3. Parallel Compilation
  4. Parameter Settings for User Entity Instance: VGAControler:DUT|CLKDivider:divider
  5. Analysis & Elaboration Settings
  6. Port Connectivity Checks: "VGAControler:DUT|VGA640x480:display"
  7. Port Connectivity Checks: "VGAControler:DUT"
  8. Analysis & Elaboration Messages
  9. Analysis & Elaboration Suppressed Messages



----------------
; Legal Notice ;
----------------
Copyright (C) 2018  Intel Corporation. All rights reserved.
Your use of Intel Corporation's design tools, logic functions 
and other software and tools, and its AMPP partner logic 
functions, and any output files from any of the foregoing 
(including device programming or simulation files), and any 
associated documentation or information are expressly subject 
to the terms and conditions of the Intel Program License 
Subscription Agreement, the Intel Quartus Prime License Agreement,
the Intel FPGA IP License Agreement, or other applicable license
agreement, including, without limitation, that your use is for
the sole purpose of programming logic devices manufactured by
Intel and sold by Intel or its authorized distributors.  Please
refer to the applicable agreement for further details.



+-----------------------------------------------------------------------------+
; Analysis & Elaboration Summary                                              ;
+-------------------------------+---------------------------------------------+
; Analysis & Elaboration Status ; Successful - Tue Oct 15 18:06:02 2019       ;
; Quartus Prime Version         ; 18.1.0 Build 625 09/12/2018 SJ Lite Edition ;
; Revision Name                 ; VGAControler                                ;
; Top-level Entity Name         ; VGAControler_tb                             ;
; Family                        ; Cyclone V                                   ;
; Logic utilization (in ALMs)   ; N/A until Partition Merge                   ;
; Total registers               ; N/A until Partition Merge                   ;
; Total pins                    ; N/A until Partition Merge                   ;
; Total virtual pins            ; N/A until Partition Merge                   ;
; Total block memory bits       ; N/A until Partition Merge                   ;
; Total PLLs                    ; N/A until Partition Merge                   ;
; Total DLLs                    ; N/A until Partition Merge                   ;
+-------------------------------+---------------------------------------------+


+------------------------------------------+
; Parallel Compilation                     ;
+----------------------------+-------------+
; Processors                 ; Number      ;
+----------------------------+-------------+
; Number detected on machine ; 4           ;
; Maximum allowed            ; 2           ;
;                            ;             ;
; Average used               ; 1.00        ;
; Maximum used               ; 1           ;
;                            ;             ;
; Usage by Processor         ; % Time Used ;
;     Processor 1            ; 100.0%      ;
+----------------------------+-------------+


+----------------------------------------------------------------------------------+
; Parameter Settings for User Entity Instance: VGAControler:DUT|CLKDivider:divider ;
+----------------+------------------------------+----------------------------------+
; Parameter Name ; Value                        ; Type                             ;
+----------------+------------------------------+----------------------------------+
; DIVISOR        ; 0000000000000000000000000010 ; Unsigned Binary                  ;
+----------------+------------------------------+----------------------------------+
Note: In order to hide this table in the UI and the text report file, please set the "Show Parameter Settings in Synthesis Report" option in "Analysis and Synthesis Settings -> More Settings" to "Off".


+---------------------------------------------------------------------------------------------------------------------------+
; Analysis & Elaboration Settings                                                                                           ;
+---------------------------------------------------------------------------------+--------------------+--------------------+
; Option                                                                          ; Setting            ; Default Value      ;
+---------------------------------------------------------------------------------+--------------------+--------------------+
; Device                                                                          ; 5CSEMA5F31C6       ;                    ;
; Top-level entity name                                                           ; VGAControler_tb    ; VGAControler       ;
; Family name                                                                     ; Cyclone V          ; Cyclone V          ;
; Use smart compilation                                                           ; Off                ; Off                ;
; Enable parallel Assembler and Timing Analyzer during compilation                ; On                 ; On                 ;
; Enable compact report table                                                     ; Off                ; Off                ;
; Restructure Multiplexers                                                        ; Auto               ; Auto               ;
; MLAB Add Timing Constraints For Mixed-Port Feed-Through Mode Setting Don't Care ; Off                ; Off                ;
; Create Debugging Nodes for IP Cores                                             ; Off                ; Off                ;
; Preserve fewer node names                                                       ; On                 ; On                 ;
; Intel FPGA IP Evaluation Mode                                                   ; Enable             ; Enable             ;
; Verilog Version                                                                 ; Verilog_2001       ; Verilog_2001       ;
; VHDL Version                                                                    ; VHDL_1993          ; VHDL_1993          ;
; State Machine Processing                                                        ; Auto               ; Auto               ;
; Safe State Machine                                                              ; Off                ; Off                ;
; Extract Verilog State Machines                                                  ; On                 ; On                 ;
; Extract VHDL State Machines                                                     ; On                 ; On                 ;
; Ignore Verilog initial constructs                                               ; Off                ; Off                ;
; Iteration limit for constant Verilog loops                                      ; 5000               ; 5000               ;
; Iteration limit for non-constant Verilog loops                                  ; 250                ; 250                ;
; Add Pass-Through Logic to Inferred RAMs                                         ; On                 ; On                 ;
; Infer RAMs from Raw Logic                                                       ; On                 ; On                 ;
; Parallel Synthesis                                                              ; On                 ; On                 ;
; DSP Block Balancing                                                             ; Auto               ; Auto               ;
; NOT Gate Push-Back                                                              ; On                 ; On                 ;
; Power-Up Don't Care                                                             ; On                 ; On                 ;
; Remove Redundant Logic Cells                                                    ; Off                ; Off                ;
; Remove Duplicate Registers                                                      ; On                 ; On                 ;
; Ignore CARRY Buffers                                                            ; Off                ; Off                ;
; Ignore CASCADE Buffers                                                          ; Off                ; Off                ;
; Ignore GLOBAL Buffers                                                           ; Off                ; Off                ;
; Ignore ROW GLOBAL Buffers                                                       ; Off                ; Off                ;
; Ignore LCELL Buffers                                                            ; Off                ; Off                ;
; Ignore SOFT Buffers                                                             ; On                 ; On                 ;
; Limit AHDL Integers to 32 Bits                                                  ; Off                ; Off                ;
; Optimization Technique                                                          ; Balanced           ; Balanced           ;
; Carry Chain Length                                                              ; 70                 ; 70                 ;
; Auto Carry Chains                                                               ; On                 ; On                 ;
; Auto Open-Drain Pins                                                            ; On                 ; On                 ;
; Perform WYSIWYG Primitive Resynthesis                                           ; Off                ; Off                ;
; Auto ROM Replacement                                                            ; On                 ; On                 ;
; Auto RAM Replacement                                                            ; On                 ; On                 ;
; Auto DSP Block Replacement                                                      ; On                 ; On                 ;
; Auto Shift Register Replacement                                                 ; Auto               ; Auto               ;
; Allow Shift Register Merging across Hierarchies                                 ; Auto               ; Auto               ;
; Auto Clock Enable Replacement                                                   ; On                 ; On                 ;
; Strict RAM Replacement                                                          ; Off                ; Off                ;
; Allow Synchronous Control Signals                                               ; On                 ; On                 ;
; Force Use of Synchronous Clear Signals                                          ; Off                ; Off                ;
; Auto Resource Sharing                                                           ; Off                ; Off                ;
; Allow Any RAM Size For Recognition                                              ; Off                ; Off                ;
; Allow Any ROM Size For Recognition                                              ; Off                ; Off                ;
; Allow Any Shift Register Size For Recognition                                   ; Off                ; Off                ;
; Use LogicLock Constraints during Resource Balancing                             ; On                 ; On                 ;
; Ignore translate_off and synthesis_off directives                               ; Off                ; Off                ;
; Timing-Driven Synthesis                                                         ; On                 ; On                 ;
; Report Parameter Settings                                                       ; On                 ; On                 ;
; Report Source Assignments                                                       ; On                 ; On                 ;
; Report Connectivity Checks                                                      ; On                 ; On                 ;
; Ignore Maximum Fan-Out Assignments                                              ; Off                ; Off                ;
; Synchronization Register Chain Length                                           ; 3                  ; 3                  ;
; Power Optimization During Synthesis                                             ; Normal compilation ; Normal compilation ;
; HDL message level                                                               ; Level2             ; Level2             ;
; Suppress Register Optimization Related Messages                                 ; Off                ; Off                ;
; Number of Removed Registers Reported in Synthesis Report                        ; 5000               ; 5000               ;
; Number of Swept Nodes Reported in Synthesis Report                              ; 5000               ; 5000               ;
; Number of Inverted Registers Reported in Synthesis Report                       ; 100                ; 100                ;
; Clock MUX Protection                                                            ; On                 ; On                 ;
; Auto Gated Clock Conversion                                                     ; Off                ; Off                ;
; Block Design Naming                                                             ; Auto               ; Auto               ;
; SDC constraint protection                                                       ; Off                ; Off                ;
; Synthesis Effort                                                                ; Auto               ; Auto               ;
; Shift Register Replacement - Allow Asynchronous Clear Signal                    ; On                 ; On                 ;
; Pre-Mapping Resynthesis Optimization                                            ; Off                ; Off                ;
; Analysis & Synthesis Message Level                                              ; Medium             ; Medium             ;
; Disable Register Merging Across Hierarchies                                     ; Auto               ; Auto               ;
; Resource Aware Inference For Block RAM                                          ; On                 ; On                 ;
; Automatic Parallel Synthesis                                                    ; On                 ; On                 ;
; Partial Reconfiguration Bitstream ID                                            ; Off                ; Off                ;
+---------------------------------------------------------------------------------+--------------------+--------------------+


+-------------------------------------------------------------------------------------------------------------------------+
; Port Connectivity Checks: "VGAControler:DUT|VGA640x480:display"                                                         ;
+---------------+--------+----------+-------------------------------------------------------------------------------------+
; Port          ; Type   ; Severity ; Details                                                                             ;
+---------------+--------+----------+-------------------------------------------------------------------------------------+
; inDisplayArea ; Output ; Info     ; Connected to dangling logic. Logic that only feeds a dangling port will be removed. ;
; CounterX      ; Output ; Info     ; Connected to dangling logic. Logic that only feeds a dangling port will be removed. ;
; CounterY      ; Output ; Info     ; Connected to dangling logic. Logic that only feeds a dangling port will be removed. ;
+---------------+--------+----------+-------------------------------------------------------------------------------------+


+-----------------------------------------------------------------------------------------------------------------+
; Port Connectivity Checks: "VGAControler:DUT"                                                                    ;
+-------+--------+----------+-------------------------------------------------------------------------------------+
; Port  ; Type   ; Severity ; Details                                                                             ;
+-------+--------+----------+-------------------------------------------------------------------------------------+
; hsync ; Output ; Info     ; Connected to dangling logic. Logic that only feeds a dangling port will be removed. ;
; vsync ; Output ; Info     ; Connected to dangling logic. Logic that only feeds a dangling port will be removed. ;
; VGA_R ; Output ; Info     ; Connected to dangling logic. Logic that only feeds a dangling port will be removed. ;
; VGA_G ; Output ; Info     ; Connected to dangling logic. Logic that only feeds a dangling port will be removed. ;
; VGA_B ; Output ; Info     ; Connected to dangling logic. Logic that only feeds a dangling port will be removed. ;
+-------+--------+----------+-------------------------------------------------------------------------------------+


+---------------------------------+
; Analysis & Elaboration Messages ;
+---------------------------------+
Info: *******************************************************************
Info: Running Quartus Prime Analysis & Elaboration
    Info: Version 18.1.0 Build 625 09/12/2018 SJ Lite Edition
    Info: Processing started: Tue Oct 15 18:05:50 2019
Info: Command: quartus_map --read_settings_files=on --write_settings_files=off VGAControler -c VGAControler --analysis_and_elaboration
Warning (18236): Number of processors has not been specified which may cause overloading on shared machines.  Set the global assignment NUM_PARALLEL_PROCESSORS in your QSF to an appropriate value for best performance.
Info (20030): Parallel compilation is enabled and will use 2 of the 2 processors detected
Info (12021): Found 1 design units, including 1 entities, in source file clkdivider_tb.sv
    Info (12023): Found entity 1: CLKDivider_tb File: C:/Users/UNIVERSAL/Desktop/Lab4/CLKDivider_tb.sv Line: 4
Info (12021): Found 1 design units, including 1 entities, in source file vgacontroler_tb.sv
    Info (12023): Found entity 1: VGAControler_tb File: C:/Users/UNIVERSAL/Desktop/Lab4/VGAControler_tb.sv Line: 1
Info (12021): Found 1 design units, including 1 entities, in source file vga640x480.sv
    Info (12023): Found entity 1: VGA640x480 File: C:/Users/UNIVERSAL/Desktop/Lab4/VGA640x480.sv Line: 1
Info (12021): Found 1 design units, including 1 entities, in source file vgacontroler.sv
    Info (12023): Found entity 1: VGAControler File: C:/Users/UNIVERSAL/Desktop/Lab4/VGAControler.sv Line: 1
Info (12021): Found 1 design units, including 1 entities, in source file clkdivider.sv
    Info (12023): Found entity 1: CLKDivider File: C:/Users/UNIVERSAL/Desktop/Lab4/CLKDivider.sv Line: 1
Warning (10229): Verilog HDL Expression warning at fondo.sv(17): truncated literal to match 2 bits File: C:/Users/UNIVERSAL/Desktop/Lab4/fondo.sv Line: 17
Info (12021): Found 1 design units, including 1 entities, in source file fondo.sv
    Info (12023): Found entity 1: fondo File: C:/Users/UNIVERSAL/Desktop/Lab4/fondo.sv Line: 1
Info (12127): Elaborating entity "VGAControler_tb" for the top level hierarchy
Warning (10755): Verilog HDL warning at VGAControler_tb.sv(29): assignments to clk create a combinational loop File: C:/Users/UNIVERSAL/Desktop/Lab4/VGAControler_tb.sv Line: 29
Info (12128): Elaborating entity "VGAControler" for hierarchy "VGAControler:DUT" File: C:/Users/UNIVERSAL/Desktop/Lab4/VGAControler_tb.sv Line: 15
Info (12128): Elaborating entity "CLKDivider" for hierarchy "VGAControler:DUT|CLKDivider:divider" File: C:/Users/UNIVERSAL/Desktop/Lab4/VGAControler.sv Line: 18
Info (12128): Elaborating entity "VGA640x480" for hierarchy "VGAControler:DUT|VGA640x480:display" File: C:/Users/UNIVERSAL/Desktop/Lab4/VGAControler.sv Line: 20
Warning (10230): Verilog HDL assignment warning at VGA640x480.sv(25): truncated value with size 32 to match size of target (10) File: C:/Users/UNIVERSAL/Desktop/Lab4/VGA640x480.sv Line: 25
Warning (10230): Verilog HDL assignment warning at VGA640x480.sv(40): truncated value with size 32 to match size of target (9) File: C:/Users/UNIVERSAL/Desktop/Lab4/VGA640x480.sv Line: 40
Warning (12011): Net is missing source, defaulting to GND
    Warning (12110): Net "clk" is missing source, defaulting to GND File: C:/Users/UNIVERSAL/Desktop/Lab4/VGAControler_tb.sv Line: 3
Info (144001): Generated suppressed messages file C:/Users/UNIVERSAL/Desktop/Lab4/output_files/VGAControler.map.smsg
Info: Quartus Prime Analysis & Elaboration was successful. 0 errors, 7 warnings
    Info: Peak virtual memory: 4790 megabytes
    Info: Processing ended: Tue Oct 15 18:06:02 2019
    Info: Elapsed time: 00:00:12
    Info: Total CPU time (on all processors): 00:00:26


+--------------------------------------------+
; Analysis & Elaboration Suppressed Messages ;
+--------------------------------------------+
The suppressed messages can be found in C:/Users/UNIVERSAL/Desktop/Lab4/output_files/VGAControler.map.smsg.


